#
# There is insufficient memory for the Java Runtime Environment to continue.
# Native memory allocation (mmap) failed to map 268435456 bytes for G1 virtual space
# Possible reasons:
#   The system is out of physical RAM or swap space
#   The process is running with CompressedOops enabled, and the Java Heap may be blocking the growth of the native heap
# Possible solutions:
#   Reduce memory load on the system
#   Increase physical memory or swap space
#   Check if swap backing store is full
#   Decrease Java heap size (-Xmx/-Xms)
#   Decrease number of Java threads
#   Decrease Java thread stack sizes (-Xss)
#   Set larger code cache with -XX:ReservedCodeCacheSize=
#   JVM is running with Zero Based Compressed Oops mode in which the Java heap is
#     placed in the first 32GB address space. The Java Heap base address is the
#     maximum limit for the native heap growth. Please use -XX:HeapBaseMinAddress
#     to set the Java Heap base and to place the Java Heap above 32GB virtual address.
# This output file may be truncated or incomplete.
#
#  Out of Memory Error (./open/src/hotspot/os/windows/os_windows.cpp:3472), pid=2944, tid=8184
#
# JRE version:  (15.0.1+9) (build )
# Java VM: OpenJDK 64-Bit Server VM (15.0.1+9-18, mixed mode, sharing, tiered, compressed oops, g1 gc, windows-amd64)
# No core dump will be written. Minidumps are not enabled by default on client versions of Windows
#

---------------  S U M M A R Y ------------

Command Line: -Dfile.encoding=Cp1252 --module-path=F:\eclipse\workspace\taller\bin -XX:+ShowCodeDetailsInExceptionMessages -Djdk.module.main=taller taller/trabajoPractico1.Actividad2

Host: AMD Ryzen 5 1500X Quad-Core Processor          , 8 cores, 15G,  Windows 10 , 64 bit Build 19041 (10.0.19041.804)
Time: Mon Mar 29 20:49:07 2021 Hora estándar de Argentina elapsed time: 0.026951 seconds (0d 0h 0m 0s)

---------------  T H R E A D  ---------------

Current thread (0x00000209279eff60):  JavaThread "Unknown thread" [_thread_in_vm, id=8184, stack(0x000000b8c6000000,0x000000b8c6100000)]

Stack: [0x000000b8c6000000,0x000000b8c6100000]
Native frames: (J=compiled Java code, j=interpreted, Vv=VM code, C=native code)
V  [jvm.dll+0x62ae9a]
V  [jvm.dll+0x781389]
V  [jvm.dll+0x782ae3]
V  [jvm.dll+0x783143]
V  [jvm.dll+0x216265]
V  [jvm.dll+0x6281d9]
V  [jvm.dll+0x61cd15]
V  [jvm.dll+0x2d01fd]
V  [jvm.dll+0x2d0062]
V  [jvm.dll+0x2d603c]
V  [jvm.dll+0x325b2a]
V  [jvm.dll+0x3251f4]
V  [jvm.dll+0x2a717a]
V  [jvm.dll+0x2a8318]
V  [jvm.dll+0x75e101]
V  [jvm.dll+0x3343e4]
V  [jvm.dll+0x73e826]
V  [jvm.dll+0x3b7777]
V  [jvm.dll+0x3b9201]
C  [jli.dll+0x52fb]
C  [ucrtbase.dll+0x21bb2]
C  [KERNEL32.DLL+0x17034]
C  [ntdll.dll+0x52651]


---------------  P R O C E S S  ---------------

Threads class SMR info:
_java_thread_list=0x00007ffbb6214ff0, length=0, elements={
}

Java Threads: ( => current thread )

Other Threads:
  0x0000020927a3fd80 GCTaskThread "GC Thread#0" [stack: 0x000000b8c6100000,0x000000b8c6200000] [id=14244]
  0x0000020927a50e60 ConcurrentGCThread "G1 Main Marker" [stack: 0x000000b8c6200000,0x000000b8c6300000] [id=516]
  0x0000020927a54110 ConcurrentGCThread "G1 Conc#0" [stack: 0x000000b8c6300000,0x000000b8c6400000] [id=9540]

[error occurred during error reporting (printing all threads), id 0xc0000005, EXCEPTION_ACCESS_VIOLATION (0xc0000005) at pc=0x00007ffbb5a08047]

VM state: not at safepoint (not fully initialized)

VM Mutex/Monitor currently owned by a thread:  ([mutex/lock_event])
[0x00000209279ea750] Heap_lock - owner thread: 0x00000209279eff60

Heap address: 0x0000000700e00000, size: 4082 MB, Compressed Oops mode: Zero based, Oop shift amount: 3
CDS archive(s) mapped at: [0x0000000000000000-0x0000000000000000-0x0000000000000000), size 0, SharedBaseAddress: 0x0000000800000000, ArchiveRelocationMode: 0.
Narrow klass base: 0x0000000000000000, Narrow klass shift: 0, Narrow klass range: 0x0

Heap:
 garbage-first heap   total 262144K, used 0K [0x0000000700e00000, 0x0000000800000000)
  region size 2048K, 0 young (0K), 0 survivors (0K)
 Metaspace       used 0K, capacity 0K, committed 0K, reserved 0K
  class space    used 0K, capacity 0K, committed 0K, reserved 0K

Heap Regions: E=young(eden), S=young(survivor), O=old, HS=humongous(starts), HC=humongous(continues), CS=collection set, F=free, OA=open archive, CA=closed archive, TAMS=top-at-mark-start (previous, next)

Card table byte_map: [0x000002093af50000,0x000002093b750000] _byte_map_base: 0x0000020937749000

Marking Bits (Prev, Next): (CMBitMap*) 0x0000020927a404f0, (CMBitMap*) 0x0000020927a40530
 Prev Bits: [0x000002093bf50000, 0x000002093ff18000)
 Next Bits: [0x000002093ff20000, 0x0000020943ee8000)

GC Heap History (0 events):
No events

Deoptimization events (0 events):
No events

Classes unloaded (0 events):
No events

Classes redefined (0 events):
No events

Internal exceptions (0 events):
No events

Events (1 events):
Event: 0.006 Loaded shared library F:\eclipse\plugins\org.eclipse.justj.openjdk.hotspot.jre.full.win32.x86_64_15.0.1.v20201027-0507\jre\bin\java.dll


Dynamic libraries:
0x00007ff7d5400000 - 0x00007ff7d540d000 	F:\eclipse\plugins\org.eclipse.justj.openjdk.hotspot.jre.full.win32.x86_64_15.0.1.v20201027-0507\jre\bin\javaw.exe
0x00007ffc08f90000 - 0x00007ffc09185000 	C:\Windows\SYSTEM32\ntdll.dll
0x00007ffc08550000 - 0x00007ffc0860d000 	C:\Windows\System32\KERNEL32.DLL
0x00007ffc06ac0000 - 0x00007ffc06d89000 	C:\Windows\System32\KERNELBASE.dll
0x00007ffc06d90000 - 0x00007ffc06e90000 	C:\Windows\System32\ucrtbase.dll
0x00007ffc01600000 - 0x00007ffc01618000 	F:\eclipse\plugins\org.eclipse.justj.openjdk.hotspot.jre.full.win32.x86_64_15.0.1.v20201027-0507\jre\bin\jli.dll
0x00007ffc015e0000 - 0x00007ffc015f9000 	F:\eclipse\plugins\org.eclipse.justj.openjdk.hotspot.jre.full.win32.x86_64_15.0.1.v20201027-0507\jre\bin\VCRUNTIME140.dll
0x00007ffc08290000 - 0x00007ffc08430000 	C:\Windows\System32\USER32.dll
0x00007ffbf98f0000 - 0x00007ffbf9b8a000 	C:\Windows\WinSxS\amd64_microsoft.windows.common-controls_6595b64144ccf1df_6.0.19041.844_none_ca00b6081b84eb1d\COMCTL32.dll
0x00007ffc06e90000 - 0x00007ffc06eb2000 	C:\Windows\System32\win32u.dll
0x00007ffc07460000 - 0x00007ffc074fe000 	C:\Windows\System32\msvcrt.dll
0x00007ffc07500000 - 0x00007ffc0752a000 	C:\Windows\System32\GDI32.dll
0x00007ffc066d0000 - 0x00007ffc067db000 	C:\Windows\System32\gdi32full.dll
0x00007ffc06a20000 - 0x00007ffc06abd000 	C:\Windows\System32\msvcp_win.dll
0x00007ffc07590000 - 0x00007ffc075c0000 	C:\Windows\System32\IMM32.DLL
0x00007ffbffde0000 - 0x00007ffbffdec000 	F:\eclipse\plugins\org.eclipse.justj.openjdk.hotspot.jre.full.win32.x86_64_15.0.1.v20201027-0507\jre\bin\vcruntime140_1.dll
0x00007ffbdf500000 - 0x00007ffbdf591000 	F:\eclipse\plugins\org.eclipse.justj.openjdk.hotspot.jre.full.win32.x86_64_15.0.1.v20201027-0507\jre\bin\msvcp140.dll
0x00007ffbb5750000 - 0x00007ffbb62ae000 	F:\eclipse\plugins\org.eclipse.justj.openjdk.hotspot.jre.full.win32.x86_64_15.0.1.v20201027-0507\jre\bin\server\jvm.dll
0x00007ffc08ea0000 - 0x00007ffc08f4c000 	C:\Windows\System32\ADVAPI32.dll
0x00007ffc075c0000 - 0x00007ffc0765c000 	C:\Windows\System32\sechost.dll
0x00007ffc07fd0000 - 0x00007ffc080fb000 	C:\Windows\System32\RPCRT4.dll
0x00007ffc07fc0000 - 0x00007ffc07fc8000 	C:\Windows\System32\PSAPI.DLL
0x00007ffbff240000 - 0x00007ffbff249000 	C:\Windows\SYSTEM32\WSOCK32.dll
0x00007ffbf3ee0000 - 0x00007ffbf3f07000 	C:\Windows\SYSTEM32\WINMM.dll
0x00007ffbfd160000 - 0x00007ffbfd16a000 	C:\Windows\SYSTEM32\VERSION.dll
0x00007ffc081b0000 - 0x00007ffc0821b000 	C:\Windows\System32\WS2_32.dll
0x00007ffc04650000 - 0x00007ffc04662000 	C:\Windows\SYSTEM32\kernel.appcore.dll
0x00007ffbf8250000 - 0x00007ffbf825a000 	F:\eclipse\plugins\org.eclipse.justj.openjdk.hotspot.jre.full.win32.x86_64_15.0.1.v20201027-0507\jre\bin\jimage.dll
0x00007ffc00470000 - 0x00007ffc00654000 	C:\Windows\SYSTEM32\DBGHELP.DLL
0x00007ffbffc40000 - 0x00007ffbffc6c000 	C:\Windows\SYSTEM32\dbgcore.DLL
0x00007ffc069a0000 - 0x00007ffc06a20000 	C:\Windows\System32\bcryptPrimitives.dll
0x00007ffbe6640000 - 0x00007ffbe6665000 	F:\eclipse\plugins\org.eclipse.justj.openjdk.hotspot.jre.full.win32.x86_64_15.0.1.v20201027-0507\jre\bin\java.dll

dbghelp: loaded successfully - version: 4.0.5 - missing functions: none
symbol engine: initialized successfully - sym options: 0x614 - pdb path: .;F:\eclipse\plugins\org.eclipse.justj.openjdk.hotspot.jre.full.win32.x86_64_15.0.1.v20201027-0507\jre\bin;C:\Windows\SYSTEM32;C:\Windows\WinSxS\amd64_microsoft.windows.common-controls_6595b64144ccf1df_6.0.19041.844_none_ca00b6081b84eb1d;F:\eclipse\plugins\org.eclipse.justj.openjdk.hotspot.jre.full.win32.x86_64_15.0.1.v20201027-0507\jre\bin\server

VM Arguments:
jvm_args: -Dfile.encoding=Cp1252 --module-path=F:\eclipse\workspace\taller\bin -XX:+ShowCodeDetailsInExceptionMessages -Djdk.module.main=taller 
java_command: taller/trabajoPractico1.Actividad2
java_class_path (initial): <not set>
Launcher Type: SUN_STANDARD

[Global flags]
     intx CICompilerCount                          = 4                                         {product} {ergonomic}
     uint ConcGCThreads                            = 2                                         {product} {ergonomic}
     uint G1ConcRefinementThreads                  = 8                                         {product} {ergonomic}
   size_t G1HeapRegionSize                         = 2097152                                   {product} {ergonomic}
    uintx GCDrainStackTargetSize                   = 64                                        {product} {ergonomic}
   size_t InitialHeapSize                          = 268435456                                 {product} {ergonomic}
   size_t MarkStackSize                            = 4194304                                   {product} {ergonomic}
   size_t MaxHeapSize                              = 4280287232                                {product} {ergonomic}
   size_t MinHeapDeltaBytes                        = 2097152                                   {product} {ergonomic}
   size_t MinHeapSize                              = 8388608                                   {product} {ergonomic}
    uintx NonNMethodCodeHeapSize                   = 5839372                                {pd product} {ergonomic}
    uintx NonProfiledCodeHeapSize                  = 122909434                              {pd product} {ergonomic}
    uintx ProfiledCodeHeapSize                     = 122909434                              {pd product} {ergonomic}
    uintx ReservedCodeCacheSize                    = 251658240                              {pd product} {ergonomic}
     bool SegmentedCodeCache                       = true                                      {product} {ergonomic}
     bool ShowCodeDetailsInExceptionMessages       = true                                   {manageable} {command line}
   size_t SoftMaxHeapSize                          = 4280287232                             {manageable} {ergonomic}
     bool UseCompressedClassPointers               = true                                 {lp64_product} {ergonomic}
     bool UseCompressedOops                        = true                                 {lp64_product} {ergonomic}
     bool UseG1GC                                  = true                                      {product} {ergonomic}
     bool UseLargePagesIndividualAllocation        = false                                  {pd product} {ergonomic}

Logging:
Log output configuration:
 #0: stdout all=warning uptime,level,tags
 #1: stderr all=off uptime,level,tags

Environment Variables:
JAVA_HOME=C:\Program Files\AdoptOpenJDK\jdk-11.0.9.101-hotspot\
PATH=F:/eclipse//plugins/org.eclipse.justj.openjdk.hotspot.jre.full.win32.x86_64_15.0.1.v20201027-0507/jre/bin/server;F:/eclipse//plugins/org.eclipse.justj.openjdk.hotspot.jre.full.win32.x86_64_15.0.1.v20201027-0507/jre/bin;C:\Program Files\AdoptOpenJDK\jdk-11.0.9.101-hotspot\bin;C:\Windows\system32;C:\Windows;C:\Windows\System32\Wbem;C:\Windows\System32\WindowsPowerShell\v1.0\;C:\Windows\System32\OpenSSH\;C:\Program Files\Git\cmd;C:\Users\Gonza\AppData\Local\Microsoft\WindowsApps;;F:\Microsoft VS Code\bin;F:\eclipse;
USERNAME=piturhcp
OS=Windows_NT
PROCESSOR_IDENTIFIER=AMD64 Family 23 Model 1 Stepping 1, AuthenticAMD



---------------  S Y S T E M  ---------------

OS:
 Windows 10 , 64 bit Build 19041 (10.0.19041.804)
OS uptime: 14 days 22:41 hours

CPU: total 8 (initial active 8) (8 cores per cpu, 2 threads per core) family 23 model 1 stepping 1 microcode 0x0, cmov, cx8, fxsr, mmx, sse, sse2, sse3, ssse3, sse4.1, sse4.2, popcnt, vzeroupper, avx, avx2, aes, clmul, 3dnowpref, lzcnt, sse4a, ht, tsc, tscinvbit, tscinv, bmi1, bmi2, adx, sha, fma, clflush, clflushopt

Memory: 4k page, system-wide physical 16321M (11071M free)
TotalPageFile size 30551M (AvailPageFile size 62M)
current process WorkingSet (physical memory assigned to process): 10M, peak: 10M
current process commit charge ("private bytes"): 60M, peak: 316M

vm_info: OpenJDK 64-Bit Server VM (15.0.1+9-18) for windows-amd64 JRE (15.0.1+9-18), built on Sep 15 2020 14:39:31 by "mach5one" with unknown MS VC++:1925

END.
